2026-07-03 16:03:46,936 INFO o.a.j.u.JMeterUtils: Setting Locale to en_EN
2026-07-03 16:03:46,943 INFO o.a.j.JMeter: Loading user properties from: /opt/homebrew/Cellar/jmeter/5.6.3/libexec/bin/user.properties
2026-07-03 16:03:46,944 INFO o.a.j.JMeter: Loading system properties from: /opt/homebrew/Cellar/jmeter/5.6.3/libexec/bin/system.properties
2026-07-03 16:03:46,945 INFO o.a.j.JMeter: Copyright (c) 1998-2024 The Apache Software Foundation
2026-07-03 16:03:46,945 INFO o.a.j.JMeter: Version 5.6.3
2026-07-03 16:03:46,945 INFO o.a.j.JMeter: java.version=21.0.11
2026-07-03 16:03:46,946 INFO o.a.j.JMeter: java.vm.name=OpenJDK 64-Bit Server VM
2026-07-03 16:03:46,946 INFO o.a.j.JMeter: os.name=Mac OS X
2026-07-03 16:03:46,946 INFO o.a.j.JMeter: os.arch=aarch64
2026-07-03 16:03:46,946 INFO o.a.j.JMeter: os.version=26.5.1
2026-07-03 16:03:46,946 INFO o.a.j.JMeter: file.encoding=UTF-8
2026-07-03 16:03:46,946 INFO o.a.j.JMeter: java.awt.headless=true
2026-07-03 16:03:46,946 INFO o.a.j.JMeter: Max memory     =1073741824
2026-07-03 16:03:46,946 INFO o.a.j.JMeter: Available Processors =10
2026-07-03 16:03:46,949 INFO o.a.j.JMeter: Default Locale=English (EN)
2026-07-03 16:03:46,949 INFO o.a.j.JMeter: JMeter  Locale=English (EN)
2026-07-03 16:03:46,949 INFO o.a.j.JMeter: JMeterHome=/opt/homebrew/Cellar/jmeter/5.6.3/libexec
2026-07-03 16:03:46,949 INFO o.a.j.JMeter: user.dir  =/Users/nayrumi/Desktop/load-testing-project
2026-07-03 16:03:46,949 INFO o.a.j.JMeter: PWD       =/Users/nayrumi/Desktop/load-testing-project
2026-07-03 16:03:46,951 INFO o.a.j.JMeter: IP: 127.0.0.1 Name: MacBook-Air-Nayrumi.local FullName: localhost
2026-07-03 16:03:46,955 INFO o.a.j.JMeter: Setting property 'jmeter.reportgenerator.outputdir' to:'/Users/nayrumi/Desktop/load-testing-project/report/html'
2026-07-03 16:03:46,956 INFO o.a.j.s.FileServer: Default base='/Users/nayrumi/Desktop/load-testing-project'
2026-07-03 16:03:46,956 INFO o.a.j.s.FileServer: Set new base='/Users/nayrumi/Desktop/load-testing-project'
2026-07-03 16:03:47,011 INFO o.a.j.s.SaveService: Testplan (JMX) version: 2.2. Testlog (JTL) version: 2.2
2026-07-03 16:03:47,021 INFO o.a.j.s.SaveService: Using SaveService properties version 5.0
2026-07-03 16:03:47,022 INFO o.a.j.s.SaveService: Using SaveService properties file encoding UTF-8
2026-07-03 16:03:47,023 INFO o.a.j.s.SaveService: Loading file: test-plan.jmx
2026-07-03 16:03:47,040 INFO o.a.j.p.h.s.HTTPSamplerBase: Parser for text/html is org.apache.jmeter.protocol.http.parser.LagartoBasedHtmlParser
2026-07-03 16:03:47,040 INFO o.a.j.p.h.s.HTTPSamplerBase: Parser for application/xhtml+xml is org.apache.jmeter.protocol.http.parser.LagartoBasedHtmlParser
2026-07-03 16:03:47,040 INFO o.a.j.p.h.s.HTTPSamplerBase: Parser for application/xml is org.apache.jmeter.protocol.http.parser.LagartoBasedHtmlParser
2026-07-03 16:03:47,040 INFO o.a.j.p.h.s.HTTPSamplerBase: Parser for text/xml is org.apache.jmeter.protocol.http.parser.LagartoBasedHtmlParser
2026-07-03 16:03:47,040 INFO o.a.j.p.h.s.HTTPSamplerBase: Parser for text/vnd.wap.wml is org.apache.jmeter.protocol.http.parser.RegexpHTMLParser
2026-07-03 16:03:47,040 INFO o.a.j.p.h.s.HTTPSamplerBase: Parser for text/css is org.apache.jmeter.protocol.http.parser.CssParser
2026-07-03 16:03:47,048 INFO o.a.j.s.SampleResult: Note: Sample TimeStamps are START times
2026-07-03 16:03:47,048 INFO o.a.j.s.SampleResult: sampleresult.default.encoding is set to UTF-8
2026-07-03 16:03:47,048 INFO o.a.j.s.SampleResult: sampleresult.useNanoTime=true
2026-07-03 16:03:47,048 INFO o.a.j.s.SampleResult: sampleresult.nanoThreadSleep=5000
2026-07-03 16:03:47,051 INFO o.a.j.JMeter: Creating summariser <summary>
2026-07-03 16:03:47,052 INFO o.a.j.r.d.ReportGenerator: ReportGenerator will use for Parsing the separator: ','
2026-07-03 16:03:47,052 INFO o.a.j.r.d.ReportGenerator: Will generate report at end of test from  results file: report/result.jtl
2026-07-03 16:03:47,052 INFO o.a.j.r.d.ReportGenerator: Reading report generator properties from: /opt/homebrew/Cellar/jmeter/5.6.3/libexec/bin/reportgenerator.properties
2026-07-03 16:03:47,053 INFO o.a.j.r.d.ReportGenerator: Merging with JMeter properties
2026-07-03 16:03:47,054 INFO o.a.j.r.c.ReportGeneratorConfiguration: Property 'jmeter.reportgenerator.temp_dir' not found, using default value 'temp' instead.
2026-07-03 16:03:47,055 INFO o.a.j.r.c.ReportGeneratorConfiguration: Property 'jmeter.reportgenerator.apdex_per_transaction' not found, using default value 'null' instead.
2026-07-03 16:03:47,055 INFO o.a.j.r.c.ReportGeneratorConfiguration: apdex_per_transaction is empty, not APDEX per transaction customization
2026-07-03 16:03:47,055 INFO o.a.j.r.c.ReportGeneratorConfiguration: Property 'jmeter.reportgenerator.sample_filter' not found, using default value 'null' instead.
2026-07-03 16:03:47,055 INFO o.a.j.r.c.ReportGeneratorConfiguration: Property 'jmeter.reportgenerator.report_title' not found, using default value 'null' instead.
2026-07-03 16:03:47,055 INFO o.a.j.r.c.ReportGeneratorConfiguration: Property 'jmeter.reportgenerator.start_date' not found, using default value 'null' instead.
2026-07-03 16:03:47,055 INFO o.a.j.r.c.ReportGeneratorConfiguration: Property 'jmeter.reportgenerator.end_date' not found, using default value 'null' instead.
2026-07-03 16:03:47,055 INFO o.a.j.r.c.ReportGeneratorConfiguration: Property 'jmeter.reportgenerator.date_format' not found, using default value 'null' instead.
2026-07-03 16:03:47,055 INFO o.a.j.r.c.ReportGeneratorConfiguration: Will use date range start date: null, end date: null
2026-07-03 16:03:47,056 INFO o.a.j.r.c.ReportGeneratorConfiguration: Property 'jmeter.reportgenerator.graph.totalTPS.exclude_controllers' not found, using default value 'false' instead.
2026-07-03 16:03:47,056 INFO o.a.j.r.c.ReportGeneratorConfiguration: Property 'jmeter.reportgenerator.graph.activeThreadsOverTime.exclude_controllers' not found, using default value 'false' instead.
2026-07-03 16:03:47,056 INFO o.a.j.r.c.ReportGeneratorConfiguration: Property 'jmeter.reportgenerator.graph.timeVsThreads.exclude_controllers' not found, using default value 'false' instead.
2026-07-03 16:03:47,056 INFO o.a.j.r.c.ReportGeneratorConfiguration: Property 'jmeter.reportgenerator.graph.responseTimeDistribution.exclude_controllers' not found, using default value 'false' instead.
2026-07-03 16:03:47,056 INFO o.a.j.r.c.ReportGeneratorConfiguration: Property 'jmeter.reportgenerator.graph.transactionsPerSecond.exclude_controllers' not found, using default value 'false' instead.
2026-07-03 16:03:47,056 INFO o.a.j.r.c.ReportGeneratorConfiguration: Property 'jmeter.reportgenerator.graph.responseTimePercentiles.exclude_controllers' not found, using default value 'false' instead.
2026-07-03 16:03:47,057 INFO o.a.j.r.c.ReportGeneratorConfiguration: Property 'jmeter.reportgenerator.graph.responseTimePercentilesOverTime.exclude_controllers' not found, using default value 'false' instead.
2026-07-03 16:03:47,057 INFO o.a.j.r.c.ReportGeneratorConfiguration: Property 'jmeter.reportgenerator.graph.responseTimesOverTime.exclude_controllers' not found, using default value 'false' instead.
2026-07-03 16:03:47,057 INFO o.a.j.r.c.ReportGeneratorConfiguration: Property 'jmeter.reportgenerator.graph.connectTimeOverTime.exclude_controllers' not found, using default value 'false' instead.
2026-07-03 16:03:47,057 INFO o.a.j.r.c.ReportGeneratorConfiguration: Property 'jmeter.reportgenerator.graph.latenciesOverTime.exclude_controllers' not found, using default value 'false' instead.
2026-07-03 16:03:47,057 INFO o.a.j.r.c.ReportGeneratorConfiguration: Property 'jmeter.reportgenerator.exporter.json.filters_only_sample_series' not found, using default value 'true' instead.
2026-07-03 16:03:47,057 INFO o.a.j.r.c.ReportGeneratorConfiguration: Property 'jmeter.reportgenerator.exporter.json.series_filter' not found, using default value '' instead.
2026-07-03 16:03:47,057 INFO o.a.j.r.c.ReportGeneratorConfiguration: Property 'jmeter.reportgenerator.exporter.json.show_controllers_only' not found, using default value 'false' instead.
2026-07-03 16:03:47,057 INFO o.a.j.r.c.ReportGeneratorConfiguration: Property 'jmeter.reportgenerator.exporter.html.filters_only_sample_series' not found, using default value 'true' instead.
2026-07-03 16:03:47,057 INFO o.a.j.r.c.ReportGeneratorConfiguration: Property 'jmeter.reportgenerator.exporter.html.series_filter' not found, using default value '' instead.
2026-07-03 16:03:47,057 INFO o.a.j.r.c.ReportGeneratorConfiguration: Property 'jmeter.reportgenerator.exporter.html.show_controllers_only' not found, using default value 'false' instead.
2026-07-03 16:03:47,061 INFO o.a.j.e.StandardJMeterEngine: Running the test!
2026-07-03 16:03:47,061 INFO o.a.j.s.SampleEvent: List of sample_variables: []
2026-07-03 16:03:47,061 INFO o.a.j.s.SampleEvent: List of sample_variables: []
2026-07-03 16:03:47,062 INFO o.a.j.e.u.CompoundVariable: Note: Function class names must contain the string: '.functions.'
2026-07-03 16:03:47,062 INFO o.a.j.e.u.CompoundVariable: Note: Function class names must not contain the string: '.gui.'
2026-07-03 16:03:47,080 INFO o.a.j.r.ClassFinder: Will scan jar /opt/homebrew/Cellar/jmeter/5.6.3/libexec/lib/ext/jmeter-plugins-graphs-ggl-2.0.jar with filter ExtendsClassFilter [parents=[interface org.apache.jmeter.functions.Function], inner=false, contains=null, notContains=null]. Consider exposing JMeter plugins via META-INF/services, and add JMeter-Skip-Class-Scanning=true manifest attribute so JMeter can skip classfile scanning
2026-07-03 16:03:47,081 INFO o.a.j.r.ClassFinder: Will scan jar /opt/homebrew/Cellar/jmeter/5.6.3/libexec/lib/ext/jmeter-plugins-cmd-2.3.jar with filter ExtendsClassFilter [parents=[interface org.apache.jmeter.functions.Function], inner=false, contains=null, notContains=null]. Consider exposing JMeter plugins via META-INF/services, and add JMeter-Skip-Class-Scanning=true manifest attribute so JMeter can skip classfile scanning
2026-07-03 16:03:47,082 INFO o.a.j.r.ClassFinder: Will scan jar /opt/homebrew/Cellar/jmeter/5.6.3/libexec/lib/ext/jmeter-datadog-backend-listener-1.0.0.jar with filter ExtendsClassFilter [parents=[interface org.apache.jmeter.functions.Function], inner=false, contains=null, notContains=null]. Consider exposing JMeter plugins via META-INF/services, and add JMeter-Skip-Class-Scanning=true manifest attribute so JMeter can skip classfile scanning
2026-07-03 16:03:47,086 INFO o.a.j.r.ClassFinder: Will scan jar /opt/homebrew/Cellar/jmeter/5.6.3/libexec/lib/ext/jmeter-plugins-manager-1.12.jar with filter ExtendsClassFilter [parents=[interface org.apache.jmeter.functions.Function], inner=false, contains=null, notContains=null]. Consider exposing JMeter plugins via META-INF/services, and add JMeter-Skip-Class-Scanning=true manifest attribute so JMeter can skip classfile scanning
2026-07-03 16:03:47,118 INFO o.a.j.v.b.BackendListener: Backend Listener: Starting worker with class: class org.apache.jmeter.visualizers.backend.influxdb.InfluxdbBackendListenerClient and queue capacity: 5000
2026-07-03 16:03:47,119 INFO o.a.j.v.b.BackendListener: Backend Listener: Started  worker with class: class org.apache.jmeter.visualizers.backend.influxdb.InfluxdbBackendListenerClient
2026-07-03 16:03:47,180 INFO o.a.j.JMeter: Running test (1783083827180)
2026-07-03 16:03:47,188 INFO o.a.j.e.StandardJMeterEngine: Starting ThreadGroup: 1 : Thread Group
2026-07-03 16:03:47,188 INFO o.a.j.e.StandardJMeterEngine: Starting 50 threads for group Thread Group.
2026-07-03 16:03:47,188 INFO o.a.j.e.StandardJMeterEngine: Thread will continue on error
2026-07-03 16:03:47,188 INFO o.a.j.t.ThreadGroup: Starting thread group... number=1 threads=50 ramp-up=20 delayedStart=false
2026-07-03 16:03:47,190 INFO o.a.j.t.JMeterThread: Thread started: Thread Group 1-1
2026-07-03 16:03:47,195 INFO o.a.j.t.ThreadGroup: Started thread group number 1
2026-07-03 16:03:47,195 INFO o.a.j.e.StandardJMeterEngine: All thread groups have been started
2026-07-03 16:03:47,195 INFO o.a.j.p.h.s.HTTPHCAbstractImpl: Local host = MacBook-Air-Nayrumi.local
2026-07-03 16:03:47,196 INFO o.a.j.p.h.s.HTTPHC4Impl: HTTP request retry count = 0
2026-07-03 16:03:47,240 INFO o.a.j.t.JMeterThread: Thread is done: Thread Group 1-1
2026-07-03 16:03:47,240 INFO o.a.j.t.JMeterThread: Thread finished: Thread Group 1-1
2026-07-03 16:03:47,593 INFO o.a.j.t.JMeterThread: Thread started: Thread Group 1-2
2026-07-03 16:03:47,621 INFO o.a.j.t.JMeterThread: Thread is done: Thread Group 1-2
2026-07-03 16:03:47,622 INFO o.a.j.t.JMeterThread: Thread finished: Thread Group 1-2
2026-07-03 16:03:47,994 INFO o.a.j.t.JMeterThread: Thread started: Thread Group 1-3
2026-07-03 16:03:48,030 INFO o.a.j.t.JMeterThread: Thread is done: Thread Group 1-3
2026-07-03 16:03:48,031 INFO o.a.j.t.JMeterThread: Thread finished: Thread Group 1-3
2026-07-03 16:03:48,392 INFO o.a.j.t.JMeterThread: Thread started: Thread Group 1-4
2026-07-03 16:03:48,440 INFO o.a.j.t.JMeterThread: Thread is done: Thread Group 1-4
2026-07-03 16:03:48,440 INFO o.a.j.t.JMeterThread: Thread finished: Thread Group 1-4
2026-07-03 16:03:48,793 INFO o.a.j.t.JMeterThread: Thread started: Thread Group 1-5
2026-07-03 16:03:48,829 INFO o.a.j.t.JMeterThread: Thread is done: Thread Group 1-5
2026-07-03 16:03:48,829 INFO o.a.j.t.JMeterThread: Thread finished: Thread Group 1-5
2026-07-03 16:03:49,193 INFO o.a.j.t.JMeterThread: Thread started: Thread Group 1-6
2026-07-03 16:03:49,240 INFO o.a.j.t.JMeterThread: Thread is done: Thread Group 1-6
2026-07-03 16:03:49,240 INFO o.a.j.t.JMeterThread: Thread finished: Thread Group 1-6
2026-07-03 16:03:49,593 INFO o.a.j.t.JMeterThread: Thread started: Thread Group 1-7
2026-07-03 16:03:49,635 INFO o.a.j.t.JMeterThread: Thread is done: Thread Group 1-7
2026-07-03 16:03:49,635 INFO o.a.j.t.JMeterThread: Thread finished: Thread Group 1-7
2026-07-03 16:03:49,993 INFO o.a.j.t.JMeterThread: Thread started: Thread Group 1-8
2026-07-03 16:03:50,027 INFO o.a.j.t.JMeterThread: Thread is done: Thread Group 1-8
2026-07-03 16:03:50,027 INFO o.a.j.t.JMeterThread: Thread finished: Thread Group 1-8
2026-07-03 16:03:50,393 INFO o.a.j.t.JMeterThread: Thread started: Thread Group 1-9
2026-07-03 16:03:50,429 INFO o.a.j.t.JMeterThread: Thread is done: Thread Group 1-9
2026-07-03 16:03:50,429 INFO o.a.j.t.JMeterThread: Thread finished: Thread Group 1-9
2026-07-03 16:03:50,791 INFO o.a.j.t.JMeterThread: Thread started: Thread Group 1-10
2026-07-03 16:03:50,826 INFO o.a.j.t.JMeterThread: Thread is done: Thread Group 1-10
2026-07-03 16:03:50,826 INFO o.a.j.t.JMeterThread: Thread finished: Thread Group 1-10
2026-07-03 16:03:51,193 INFO o.a.j.t.JMeterThread: Thread started: Thread Group 1-11
2026-07-03 16:03:51,230 INFO o.a.j.t.JMeterThread: Thread is done: Thread Group 1-11
2026-07-03 16:03:51,230 INFO o.a.j.t.JMeterThread: Thread finished: Thread Group 1-11
2026-07-03 16:03:51,594 INFO o.a.j.t.JMeterThread: Thread started: Thread Group 1-12
2026-07-03 16:03:51,628 INFO o.a.j.t.JMeterThread: Thread is done: Thread Group 1-12
2026-07-03 16:03:51,628 INFO o.a.j.t.JMeterThread: Thread finished: Thread Group 1-12
2026-07-03 16:03:51,994 INFO o.a.j.t.JMeterThread: Thread started: Thread Group 1-13
2026-07-03 16:03:52,035 INFO o.a.j.t.JMeterThread: Thread is done: Thread Group 1-13
2026-07-03 16:03:52,035 INFO o.a.j.t.JMeterThread: Thread finished: Thread Group 1-13
2026-07-03 16:03:52,390 INFO o.a.j.t.JMeterThread: Thread started: Thread Group 1-14
2026-07-03 16:03:52,444 INFO o.a.j.t.JMeterThread: Thread is done: Thread Group 1-14
2026-07-03 16:03:52,444 INFO o.a.j.t.JMeterThread: Thread finished: Thread Group 1-14
2026-07-03 16:03:52,793 INFO o.a.j.t.JMeterThread: Thread started: Thread Group 1-15
2026-07-03 16:03:52,824 INFO o.a.j.t.JMeterThread: Thread is done: Thread Group 1-15
2026-07-03 16:03:52,824 INFO o.a.j.t.JMeterThread: Thread finished: Thread Group 1-15
2026-07-03 16:03:53,193 INFO o.a.j.t.JMeterThread: Thread started: Thread Group 1-16
2026-07-03 16:03:53,227 INFO o.a.j.t.JMeterThread: Thread is done: Thread Group 1-16
2026-07-03 16:03:53,228 INFO o.a.j.t.JMeterThread: Thread finished: Thread Group 1-16
2026-07-03 16:03:53,594 INFO o.a.j.t.JMeterThread: Thread started: Thread Group 1-17
2026-07-03 16:03:53,626 INFO o.a.j.t.JMeterThread: Thread is done: Thread Group 1-17
2026-07-03 16:03:53,626 INFO o.a.j.t.JMeterThread: Thread finished: Thread Group 1-17
2026-07-03 16:03:53,990 INFO o.a.j.t.JMeterThread: Thread started: Thread Group 1-18
2026-07-03 16:03:54,026 INFO o.a.j.t.JMeterThread: Thread is done: Thread Group 1-18
2026-07-03 16:03:54,026 INFO o.a.j.t.JMeterThread: Thread finished: Thread Group 1-18
2026-07-03 16:03:54,393 INFO o.a.j.t.JMeterThread: Thread started: Thread Group 1-19
2026-07-03 16:03:54,427 INFO o.a.j.t.JMeterThread: Thread is done: Thread Group 1-19
2026-07-03 16:03:54,427 INFO o.a.j.t.JMeterThread: Thread finished: Thread Group 1-19
2026-07-03 16:03:54,789 INFO o.a.j.t.JMeterThread: Thread started: Thread Group 1-20
2026-07-03 16:03:54,822 INFO o.a.j.t.JMeterThread: Thread is done: Thread Group 1-20
2026-07-03 16:03:54,822 INFO o.a.j.t.JMeterThread: Thread finished: Thread Group 1-20
2026-07-03 16:03:55,193 INFO o.a.j.t.JMeterThread: Thread started: Thread Group 1-21
2026-07-03 16:03:55,226 INFO o.a.j.t.JMeterThread: Thread is done: Thread Group 1-21
2026-07-03 16:03:55,226 INFO o.a.j.t.JMeterThread: Thread finished: Thread Group 1-21
2026-07-03 16:03:55,589 INFO o.a.j.t.JMeterThread: Thread started: Thread Group 1-22
2026-07-03 16:03:55,622 INFO o.a.j.t.JMeterThread: Thread is done: Thread Group 1-22
2026-07-03 16:03:55,622 INFO o.a.j.t.JMeterThread: Thread finished: Thread Group 1-22
2026-07-03 16:03:55,993 INFO o.a.j.t.JMeterThread: Thread started: Thread Group 1-23
2026-07-03 16:03:56,029 INFO o.a.j.t.JMeterThread: Thread is done: Thread Group 1-23
2026-07-03 16:03:56,029 INFO o.a.j.t.JMeterThread: Thread finished: Thread Group 1-23
2026-07-03 16:03:56,392 INFO o.a.j.t.JMeterThread: Thread started: Thread Group 1-24
2026-07-03 16:03:56,427 INFO o.a.j.t.JMeterThread: Thread is done: Thread Group 1-24
2026-07-03 16:03:56,427 INFO o.a.j.t.JMeterThread: Thread finished: Thread Group 1-24
2026-07-03 16:03:56,794 INFO o.a.j.t.JMeterThread: Thread started: Thread Group 1-25
2026-07-03 16:03:56,825 INFO o.a.j.t.JMeterThread: Thread is done: Thread Group 1-25
2026-07-03 16:03:56,825 INFO o.a.j.t.JMeterThread: Thread finished: Thread Group 1-25
2026-07-03 16:03:57,195 INFO o.a.j.t.JMeterThread: Thread started: Thread Group 1-26
2026-07-03 16:03:57,231 INFO o.a.j.t.JMeterThread: Thread is done: Thread Group 1-26
2026-07-03 16:03:57,231 INFO o.a.j.t.JMeterThread: Thread finished: Thread Group 1-26
2026-07-03 16:03:57,588 INFO o.a.j.t.JMeterThread: Thread started: Thread Group 1-27
2026-07-03 16:03:57,613 INFO o.a.j.t.JMeterThread: Thread is done: Thread Group 1-27
2026-07-03 16:03:57,613 INFO o.a.j.t.JMeterThread: Thread finished: Thread Group 1-27
2026-07-03 16:03:57,992 INFO o.a.j.t.JMeterThread: Thread started: Thread Group 1-28
2026-07-03 16:03:58,027 INFO o.a.j.t.JMeterThread: Thread is done: Thread Group 1-28
2026-07-03 16:03:58,027 INFO o.a.j.t.JMeterThread: Thread finished: Thread Group 1-28
2026-07-03 16:03:58,391 INFO o.a.j.t.JMeterThread: Thread started: Thread Group 1-29
2026-07-03 16:03:58,420 INFO o.a.j.t.JMeterThread: Thread is done: Thread Group 1-29
2026-07-03 16:03:58,421 INFO o.a.j.t.JMeterThread: Thread finished: Thread Group 1-29
2026-07-03 16:03:58,793 INFO o.a.j.t.JMeterThread: Thread started: Thread Group 1-30
2026-07-03 16:03:58,824 INFO o.a.j.t.JMeterThread: Thread is done: Thread Group 1-30
2026-07-03 16:03:58,825 INFO o.a.j.t.JMeterThread: Thread finished: Thread Group 1-30
2026-07-03 16:03:59,193 INFO o.a.j.t.JMeterThread: Thread started: Thread Group 1-31
2026-07-03 16:03:59,223 INFO o.a.j.t.JMeterThread: Thread is done: Thread Group 1-31
2026-07-03 16:03:59,224 INFO o.a.j.t.JMeterThread: Thread finished: Thread Group 1-31
2026-07-03 16:03:59,593 INFO o.a.j.t.JMeterThread: Thread started: Thread Group 1-32
2026-07-03 16:03:59,625 INFO o.a.j.t.JMeterThread: Thread is done: Thread Group 1-32
2026-07-03 16:03:59,625 INFO o.a.j.t.JMeterThread: Thread finished: Thread Group 1-32
2026-07-03 16:03:59,995 INFO o.a.j.t.JMeterThread: Thread started: Thread Group 1-33
2026-07-03 16:04:00,006 INFO o.a.j.r.Summariser: summary +    641 in 00:00:13 =   50.0/s Avg:     1 Min:     0 Max:    27 Err:     0 (0.00%) Active: 1 Started: 33 Finished: 32
2026-07-03 16:04:00,034 INFO o.a.j.t.JMeterThread: Thread is done: Thread Group 1-33
2026-07-03 16:04:00,034 INFO o.a.j.t.JMeterThread: Thread finished: Thread Group 1-33
2026-07-03 16:04:00,394 INFO o.a.j.t.JMeterThread: Thread started: Thread Group 1-34
2026-07-03 16:04:00,427 INFO o.a.j.t.JMeterThread: Thread is done: Thread Group 1-34
2026-07-03 16:04:00,427 INFO o.a.j.t.JMeterThread: Thread finished: Thread Group 1-34
2026-07-03 16:04:00,792 INFO o.a.j.t.JMeterThread: Thread started: Thread Group 1-35
2026-07-03 16:04:00,823 INFO o.a.j.t.JMeterThread: Thread is done: Thread Group 1-35
2026-07-03 16:04:00,824 INFO o.a.j.t.JMeterThread: Thread finished: Thread Group 1-35
2026-07-03 16:04:01,193 INFO o.a.j.t.JMeterThread: Thread started: Thread Group 1-36
2026-07-03 16:04:01,225 INFO o.a.j.t.JMeterThread: Thread is done: Thread Group 1-36
2026-07-03 16:04:01,225 INFO o.a.j.t.JMeterThread: Thread finished: Thread Group 1-36
2026-07-03 16:04:01,594 INFO o.a.j.t.JMeterThread: Thread started: Thread Group 1-37
2026-07-03 16:04:01,626 INFO o.a.j.t.JMeterThread: Thread is done: Thread Group 1-37
2026-07-03 16:04:01,627 INFO o.a.j.t.JMeterThread: Thread finished: Thread Group 1-37
2026-07-03 16:04:01,991 INFO o.a.j.t.JMeterThread: Thread started: Thread Group 1-38
2026-07-03 16:04:02,020 INFO o.a.j.t.JMeterThread: Thread is done: Thread Group 1-38
2026-07-03 16:04:02,020 INFO o.a.j.t.JMeterThread: Thread finished: Thread Group 1-38
2026-07-03 16:04:02,393 INFO o.a.j.t.JMeterThread: Thread started: Thread Group 1-39
2026-07-03 16:04:02,423 INFO o.a.j.t.JMeterThread: Thread is done: Thread Group 1-39
2026-07-03 16:04:02,423 INFO o.a.j.t.JMeterThread: Thread finished: Thread Group 1-39
2026-07-03 16:04:02,793 INFO o.a.j.t.JMeterThread: Thread started: Thread Group 1-40
2026-07-03 16:04:02,826 INFO o.a.j.t.JMeterThread: Thread is done: Thread Group 1-40
2026-07-03 16:04:02,827 INFO o.a.j.t.JMeterThread: Thread finished: Thread Group 1-40
2026-07-03 16:04:03,193 INFO o.a.j.t.JMeterThread: Thread started: Thread Group 1-41
2026-07-03 16:04:03,221 INFO o.a.j.t.JMeterThread: Thread is done: Thread Group 1-41
2026-07-03 16:04:03,221 INFO o.a.j.t.JMeterThread: Thread finished: Thread Group 1-41
2026-07-03 16:04:03,593 INFO o.a.j.t.JMeterThread: Thread started: Thread Group 1-42
2026-07-03 16:04:03,621 INFO o.a.j.t.JMeterThread: Thread is done: Thread Group 1-42
2026-07-03 16:04:03,621 INFO o.a.j.t.JMeterThread: Thread finished: Thread Group 1-42
2026-07-03 16:04:03,993 INFO o.a.j.t.JMeterThread: Thread started: Thread Group 1-43
2026-07-03 16:04:04,024 INFO o.a.j.t.JMeterThread: Thread is done: Thread Group 1-43
2026-07-03 16:04:04,025 INFO o.a.j.t.JMeterThread: Thread finished: Thread Group 1-43
2026-07-03 16:04:04,393 INFO o.a.j.t.JMeterThread: Thread started: Thread Group 1-44
2026-07-03 16:04:04,422 INFO o.a.j.t.JMeterThread: Thread is done: Thread Group 1-44
2026-07-03 16:04:04,422 INFO o.a.j.t.JMeterThread: Thread finished: Thread Group 1-44
2026-07-03 16:04:04,794 INFO o.a.j.t.JMeterThread: Thread started: Thread Group 1-45
2026-07-03 16:04:04,824 INFO o.a.j.t.JMeterThread: Thread is done: Thread Group 1-45
2026-07-03 16:04:04,825 INFO o.a.j.t.JMeterThread: Thread finished: Thread Group 1-45
2026-07-03 16:04:05,191 INFO o.a.j.t.JMeterThread: Thread started: Thread Group 1-46
2026-07-03 16:04:05,225 INFO o.a.j.t.JMeterThread: Thread is done: Thread Group 1-46
2026-07-03 16:04:05,225 INFO o.a.j.t.JMeterThread: Thread finished: Thread Group 1-46
2026-07-03 16:04:05,593 INFO o.a.j.t.JMeterThread: Thread started: Thread Group 1-47
2026-07-03 16:04:05,621 INFO o.a.j.t.JMeterThread: Thread is done: Thread Group 1-47
2026-07-03 16:04:05,621 INFO o.a.j.t.JMeterThread: Thread finished: Thread Group 1-47
2026-07-03 16:04:05,991 INFO o.a.j.t.JMeterThread: Thread started: Thread Group 1-48
2026-07-03 16:04:06,017 INFO o.a.j.t.JMeterThread: Thread is done: Thread Group 1-48
2026-07-03 16:04:06,017 INFO o.a.j.t.JMeterThread: Thread finished: Thread Group 1-48
2026-07-03 16:04:06,393 INFO o.a.j.t.JMeterThread: Thread started: Thread Group 1-49
2026-07-03 16:04:06,424 INFO o.a.j.t.JMeterThread: Thread is done: Thread Group 1-49
2026-07-03 16:04:06,424 INFO o.a.j.t.JMeterThread: Thread finished: Thread Group 1-49
2026-07-03 16:04:06,792 INFO o.a.j.t.JMeterThread: Thread started: Thread Group 1-50
2026-07-03 16:04:06,819 INFO o.a.j.t.JMeterThread: Thread is done: Thread Group 1-50
2026-07-03 16:04:06,819 INFO o.a.j.t.JMeterThread: Thread finished: Thread Group 1-50
2026-07-03 16:04:06,820 INFO o.a.j.e.StandardJMeterEngine: Notifying test listeners of end of test
2026-07-03 16:04:06,820 INFO o.a.j.v.b.BackendListener: Worker ended
2026-07-03 16:04:06,821 INFO o.a.j.v.b.i.InfluxdbBackendListenerClient: Sending last metrics to InfluxDB
2026-07-03 16:04:06,822 INFO o.a.j.v.b.i.HttpMetricsSender: Destroying 
2026-07-03 16:04:06,826 INFO o.a.j.r.Summariser: summary +    359 in 00:00:07 =   52.6/s Avg:     1 Min:     0 Max:     8 Err:     0 (0.00%) Active: 0 Started: 50 Finished: 50
2026-07-03 16:04:06,827 INFO o.a.j.r.Summariser: summary =   1000 in 00:00:20 =   50.9/s Avg:     1 Min:     0 Max:    27 Err:     0 (0.00%)
2026-07-03 16:04:06,827 INFO o.a.j.JMeter: Generating Dashboard
2026-07-03 16:04:06,827 INFO o.a.j.r.d.ReportGenerator: Flushing result collector before report Generation
2026-07-03 16:04:06,839 INFO o.a.j.r.p.NormalizerSampleConsumer: Using format, 'ms', to parse timeStamp field
2026-07-03 16:04:06,890 INFO o.a.j.r.p.AbstractSampleConsumer: class org.apache.jmeter.report.processor.AggregateConsumer#stopProducing(): beginDate produced 0 samples
2026-07-03 16:04:06,890 INFO o.a.j.r.p.AbstractSampleConsumer: class org.apache.jmeter.report.processor.AggregateConsumer#stopProducing(): endDate produced 0 samples
2026-07-03 16:04:06,891 INFO o.a.j.r.p.AbstractSampleConsumer: class org.apache.jmeter.report.processor.ApdexSummaryConsumer#stopProducing(): apdexSummary produced 0 samples
2026-07-03 16:04:06,891 INFO o.a.j.r.p.AbstractSampleConsumer: class org.apache.jmeter.report.processor.RequestsSummaryConsumer#stopProducing(): requestsSummary produced 0 samples
2026-07-03 16:04:06,891 INFO o.a.j.r.p.AbstractSampleConsumer: class org.apache.jmeter.report.processor.StatisticsSummaryConsumer#stopProducing(): statisticsSummary produced 0 samples
2026-07-03 16:04:06,892 INFO o.a.j.r.p.AbstractSampleConsumer: class org.apache.jmeter.report.processor.Top5ErrorsBySamplerConsumer#stopProducing(): top5ErrorsBySampler produced 0 samples
2026-07-03 16:04:06,892 INFO o.a.j.r.p.AbstractSampleConsumer: class org.apache.jmeter.report.processor.ErrorsSummaryConsumer#stopProducing(): errorsSummary produced 0 samples
2026-07-03 16:04:06,892 INFO o.a.j.r.p.AbstractSampleConsumer: class org.apache.jmeter.report.processor.graph.impl.HitsPerSecondGraphConsumer#stopProducing(): hitsPerSecond produced 0 samples
2026-07-03 16:04:06,902 INFO o.a.j.r.p.AbstractSampleConsumer: class org.apache.jmeter.report.processor.graph.impl.LatencyVSRequestGraphConsumer#stopProducing(): latencyVsRequest produced 0 samples
2026-07-03 16:04:06,902 INFO o.a.j.r.p.AbstractSampleConsumer: class org.apache.jmeter.report.processor.graph.impl.SyntheticResponseTimeDistributionGraphConsumer#stopProducing(): syntheticResponseTimeDistribution produced 0 samples
2026-07-03 16:04:06,902 INFO o.a.j.r.p.AbstractSampleConsumer: class org.apache.jmeter.report.processor.graph.impl.BytesThroughputGraphConsumer#stopProducing(): bytesThroughputOverTime produced 0 samples
2026-07-03 16:04:06,902 INFO o.a.j.r.p.AbstractSampleConsumer: class org.apache.jmeter.report.processor.graph.impl.CodesPerSecondGraphConsumer#stopProducing(): codesPerSecond produced 0 samples
2026-07-03 16:04:06,908 INFO o.a.j.r.p.AbstractSampleConsumer: class org.apache.jmeter.report.processor.graph.impl.ResponseTimeVSRequestGraphConsumer#stopProducing(): responseTimeVsRequest produced 0 samples
2026-07-03 16:04:06,909 INFO o.a.j.r.p.AbstractSampleConsumer: class org.apache.jmeter.report.processor.FilterConsumer#stopProducing(): startIntervalControlerFilter produced 7000 samples
2026-07-03 16:04:06,909 INFO o.a.j.r.p.AbstractSampleConsumer: class org.apache.jmeter.report.processor.graph.impl.TotalTPSGraphConsumer#stopProducing(): totalTPS produced 0 samples
2026-07-03 16:04:06,909 INFO o.a.j.r.p.AbstractSampleConsumer: class org.apache.jmeter.report.processor.graph.impl.ActiveThreadsGraphConsumer#stopProducing(): activeThreadsOverTime produced 0 samples
2026-07-03 16:04:06,909 INFO o.a.j.r.p.AbstractSampleConsumer: class org.apache.jmeter.report.processor.graph.impl.TimeVSThreadGraphConsumer#stopProducing(): timeVsThreads produced 0 samples
2026-07-03 16:04:06,909 INFO o.a.j.r.p.AbstractSampleConsumer: class org.apache.jmeter.report.processor.graph.impl.ResponseTimeDistributionGraphConsumer#stopProducing(): responseTimeDistribution produced 0 samples
2026-07-03 16:04:06,909 INFO o.a.j.r.p.AbstractSampleConsumer: class org.apache.jmeter.report.processor.graph.impl.TransactionsPerSecondGraphConsumer#stopProducing(): transactionsPerSecond produced 0 samples
2026-07-03 16:04:06,909 INFO o.a.j.r.p.AbstractSampleConsumer: class org.apache.jmeter.report.processor.graph.impl.ResponseTimePercentilesGraphConsumer#stopProducing(): responseTimePercentiles produced 0 samples
2026-07-03 16:04:06,909 INFO o.a.j.r.p.AbstractSampleConsumer: class org.apache.jmeter.report.processor.graph.impl.ResponseTimePercentilesOverTimeGraphConsumer#stopProducing(): responseTimePercentilesOverTime produced 0 samples
2026-07-03 16:04:06,909 INFO o.a.j.r.p.AbstractSampleConsumer: class org.apache.jmeter.report.processor.graph.impl.ResponseTimeOverTimeGraphConsumer#stopProducing(): responseTimesOverTime produced 0 samples
2026-07-03 16:04:06,909 INFO o.a.j.r.p.AbstractSampleConsumer: class org.apache.jmeter.report.processor.graph.impl.ConnectTimeOverTimeGraphConsumer#stopProducing(): connectTimeOverTime produced 0 samples
2026-07-03 16:04:06,909 INFO o.a.j.r.p.AbstractSampleConsumer: class org.apache.jmeter.report.processor.graph.impl.LatencyOverTimeGraphConsumer#stopProducing(): latenciesOverTime produced 0 samples
2026-07-03 16:04:06,909 INFO o.a.j.r.p.AbstractSampleConsumer: class org.apache.jmeter.report.processor.FilterConsumer#stopProducing(): nameFilter produced 15000 samples
2026-07-03 16:04:06,909 INFO o.a.j.r.p.AbstractSampleConsumer: class org.apache.jmeter.report.processor.FilterConsumer#stopProducing(): dateRangeFilter produced 3000 samples
2026-07-03 16:04:06,909 INFO o.a.j.r.p.AbstractSampleConsumer: class org.apache.jmeter.report.processor.NormalizerSampleConsumer#stopProducing(): normalizer produced 1000 samples
2026-07-03 16:04:06,909 INFO o.a.j.r.p.CsvFileSampleSource: produce(): 1000 samples produced in 59ms on channel 0
2026-07-03 16:04:06,909 INFO o.a.j.r.d.ReportGenerator: Exporting data using exporter:'json' of className:'org.apache.jmeter.report.dashboard.JsonExporter'
2026-07-03 16:04:06,934 INFO o.a.j.r.d.JsonExporter: Found data for consumer statisticsSummary in context
2026-07-03 16:04:06,934 INFO o.a.j.r.d.JsonExporter: Creating statistics for overall
2026-07-03 16:04:06,934 INFO o.a.j.r.d.JsonExporter: Creating statistics for other transactions
2026-07-03 16:04:06,934 INFO o.a.j.r.d.JsonExporter: Checking output folder
2026-07-03 16:04:06,934 INFO o.a.j.r.d.JsonExporter: Writing statistics JSON to /Users/nayrumi/Desktop/load-testing-project/report/html/statistics.json
2026-07-03 16:04:06,946 INFO o.a.j.r.d.ReportGenerator: Exporting data using exporter:'html' of className:'org.apache.jmeter.report.dashboard.HtmlTemplateExporter'
2026-07-03 16:04:06,947 INFO o.a.j.r.d.HtmlTemplateExporter: Will generate dashboard in folder: /Users/nayrumi/Desktop/load-testing-project/report/html
2026-07-03 16:04:06,975 INFO o.a.j.r.d.HtmlTemplateExporter: Report will be generated in: /Users/nayrumi/Desktop/load-testing-project/report/html, creating folder structure
2026-07-03 16:04:06,976 INFO o.a.j.r.d.TemplateVisitor: Copying folder from '/opt/homebrew/Cellar/jmeter/5.6.3/libexec/bin/report-template' to '/Users/nayrumi/Desktop/load-testing-project/report/html', got message: /Users/nayrumi/Desktop/load-testing-project/report/html, found non empty folder with following content [/Users/nayrumi/Desktop/load-testing-project/report/html/statistics.json], will be ignored
2026-07-03 16:04:07,066 INFO o.a.j.JMeter: Dashboard generated
